<?xml version="1.0" encoding="UTF-8"?>
<coverage generated="1594868000434" clover="3.2.0">
  <project timestamp="1594868000434" name="All files">
    <metrics statements="18" coveredstatements="16" conditionals="6" coveredconditionals="4" methods="6" coveredmethods="6" elements="30" coveredelements="26" complexity="0" loc="18" ncloc="18" packages="1" files="2" classes="2"/>
    <file name="CreateMessageService.ts" path="C:\Users\Allan NEto\Desktop\projects\vagas\civiapp\backend\src\services\CreateMessageService.ts">
      <metrics statements="9" coveredstatements="8" conditionals="3" coveredconditionals="2" methods="3" coveredmethods="3"/>
      <line num="4" count="2" type="stmt"/>
      <line num="11" count="2" type="stmt"/>
      <line num="12" count="2" type="stmt"/>
      <line num="14" count="2" type="stmt"/>
      <line num="15" count="2" type="cond" truecount="1" falsecount="0"/>
      <line num="17" count="2" type="cond" truecount="1" falsecount="1"/>
      <line num="18" count="0" type="stmt"/>
      <line num="20" count="2" type="stmt"/>
      <line num="22" count="2" type="stmt"/>
    </file>
    <file name="UpdateReadService.ts" path="C:\Users\Allan NEto\Desktop\projects\vagas\civiapp\backend\src\services\UpdateReadService.ts">
      <metrics statements="9" coveredstatements="8" conditionals="3" coveredconditionals="2" methods="3" coveredmethods="3"/>
      <line num="6" count="1" type="stmt"/>
      <line num="8" count="1" type="stmt"/>
      <line num="9" count="1" type="stmt"/>
      <line num="11" count="1" type="stmt"/>
      <line num="12" count="1" type="cond" truecount="1" falsecount="0"/>
      <line num="14" count="1" type="cond" truecount="1" falsecount="1"/>
      <line num="15" count="0" type="stmt"/>
      <line num="18" count="1" type="stmt"/>
      <line num="20" count="1" type="stmt"/>
    </file>
  </project>
</coverage>
