{"C:\\Users\\Allan NEto\\Desktop\\projects\\vagas\\civiapp\\api\\src\\services\\CreateMessageService.ts": {"path":"C:\\Users\\Allan NEto\\Desktop\\projects\\vagas\\civiapp\\api\\src\\services\\CreateMessageService.ts","statementMap":{"0":{"start":{"line":4,"column":0},"end":{"line":4,"column":42}},"1":{"start":{"line":11,"column":0},"end":{"line":11,"column":null}},"2":{"start":{"line":12,"column":22},"end":{"line":12,"column":60}},"3":{"start":{"line":14,"column":15},"end":{"line":21,"column":null}},"4":{"start":{"line":14,"column":31},"end":{"line":14,"column":33}},"5":{"start":{"line":14,"column":40},"end":{"line":14,"column":51}},"6":{"start":{"line":15,"column":20},"end":{"line":15,"column":null}},"7":{"start":{"line":15,"column":10},"end":{"line":15,"column":null}},"8":{"start":{"line":17,"column":4},"end":{"line":19,"column":null}},"9":{"start":{"line":18,"column":6},"end":{"line":18,"column":57}},"10":{"start":{"line":20,"column":4},"end":{"line":20,"column":19}},"11":{"start":{"line":22,"column":0},"end":{"line":22,"column":null}}},"fnMap":{"0":{"name":"(anonymous_14)","decl":{"start":{"line":11,"column":0},"end":{"line":11,"column":null}},"loc":{"start":{"line":11,"column":0},"end":{"line":22,"column":null}}},"1":{"name":"CreateMessageService","decl":{"start":{"line":12,"column":2},"end":{"line":12,"column":22}},"loc":{"start":{"line":12,"column":60},"end":{"line":12,"column":64}}},"2":{"name":"(anonymous_16)","decl":{"start":{"line":14,"column":2},"end":{"line":14,"column":15}},"loc":{"start":{"line":14,"column":51},"end":{"line":21,"column":null}}}},"branchMap":{"0":{"loc":{"start":{"line":15,"column":20},"end":{"line":15,"column":null}},"type":"switch","locations":[{"start":{"line":15,"column":20},"end":{"line":15,"column":null}}]},"1":{"loc":{"start":{"line":17,"column":4},"end":{"line":19,"column":null}},"type":"if","locations":[{"start":{"line":17,"column":4},"end":{"line":19,"column":null}},{"start":{"line":17,"column":4},"end":{"line":19,"column":null}}]}},"s":{"0":2,"1":2,"2":2,"3":2,"4":2,"5":2,"6":2,"7":2,"8":2,"9":0,"10":2,"11":2},"f":{"0":2,"1":2,"2":2},"b":{"0":[2],"1":[0,2]}}
,"C:\\Users\\Allan NEto\\Desktop\\projects\\vagas\\civiapp\\api\\src\\services\\UpdateReadService.ts": {"path":"C:\\Users\\Allan NEto\\Desktop\\projects\\vagas\\civiapp\\api\\src\\services\\UpdateReadService.ts","statementMap":{"0":{"start":{"line":6,"column":0},"end":{"line":6,"column":42}},"1":{"start":{"line":8,"column":0},"end":{"line":8,"column":null}},"2":{"start":{"line":9,"column":22},"end":{"line":9,"column":60}},"3":{"start":{"line":11,"column":15},"end":{"line":19,"column":null}},"4":{"start":{"line":12,"column":20},"end":{"line":12,"column":null}},"5":{"start":{"line":12,"column":10},"end":{"line":12,"column":null}},"6":{"start":{"line":14,"column":4},"end":{"line":16,"column":null}},"7":{"start":{"line":15,"column":6},"end":{"line":15,"column":57}},"8":{"start":{"line":18,"column":4},"end":{"line":18,"column":19}},"9":{"start":{"line":20,"column":0},"end":{"line":20,"column":null}}},"fnMap":{"0":{"name":"(anonymous_14)","decl":{"start":{"line":8,"column":0},"end":{"line":8,"column":null}},"loc":{"start":{"line":8,"column":0},"end":{"line":20,"column":null}}},"1":{"name":"UpdateReadService","decl":{"start":{"line":9,"column":2},"end":{"line":9,"column":22}},"loc":{"start":{"line":9,"column":60},"end":{"line":9,"column":64}}},"2":{"name":"(anonymous_16)","decl":{"start":{"line":11,"column":2},"end":{"line":11,"column":15}},"loc":{"start":{"line":11,"column":41},"end":{"line":19,"column":null}}}},"branchMap":{"0":{"loc":{"start":{"line":12,"column":20},"end":{"line":12,"column":null}},"type":"switch","locations":[{"start":{"line":12,"column":20},"end":{"line":12,"column":null}}]},"1":{"loc":{"start":{"line":14,"column":4},"end":{"line":16,"column":null}},"type":"if","locations":[{"start":{"line":14,"column":4},"end":{"line":16,"column":null}},{"start":{"line":14,"column":4},"end":{"line":16,"column":null}}]}},"s":{"0":1,"1":1,"2":1,"3":1,"4":1,"5":1,"6":1,"7":0,"8":1,"9":1},"f":{"0":1,"1":1,"2":1},"b":{"0":[1],"1":[0,1]}}
}
