TN:
SF:src\services\CreateMessageService.ts
FN:11,(anonymous_14)
FN:12,CreateMessageService
FN:14,(anonymous_16)
FNF:3
FNH:3
FNDA:2,(anonymous_14)
FNDA:2,CreateMessageService
FNDA:2,(anonymous_16)
DA:4,2
DA:11,2
DA:12,2
DA:14,2
DA:15,2
DA:17,2
DA:18,0
DA:20,2
DA:22,2
LF:9
LH:8
BRDA:15,0,0,2
BRDA:17,1,0,0
BRDA:17,1,1,2
BRF:3
BRH:2
end_of_record
TN:
SF:src\services\UpdateReadService.ts
FN:8,(anonymous_14)
FN:9,UpdateReadService
FN:11,(anonymous_16)
FNF:3
FNH:3
FNDA:1,(anonymous_14)
FNDA:1,UpdateReadService
FNDA:1,(anonymous_16)
DA:6,1
DA:8,1
DA:9,1
DA:11,1
DA:12,1
DA:14,1
DA:15,0
DA:18,1
DA:20,1
LF:9
LH:8
BRDA:12,0,0,1
BRDA:14,1,0,0
BRDA:14,1,1,1
BRF:3
BRH:2
end_of_record
